2026-02-23 11:03:29 ERROR app.lifespan database init failed
Traceback (most recent call last):
  File "D:\Users\ASUS\Desktop\AI predict1\PD-main\main.py", line 36, in lifespan
    create_tables()
  File "D:\Users\ASUS\Desktop\AI predict1\PD-main\database_setup.py", line 315, in create_tables
    create_database_if_not_exists()
  File "D:\Users\ASUS\Desktop\AI predict1\PD-main\database_setup.py", line 49, in create_database_if_not_exists
    config = get_mysql_config_without_db()
  File "D:\Users\ASUS\Desktop\AI predict1\PD-main\database_setup.py", line 38, in get_mysql_config_without_db
    "host": require_env("MYSQL_HOST"),
  File "D:\Users\ASUS\Desktop\AI predict1\PD-main\database_setup.py", line 34, in require_env
    raise ValueError(f"Missing required env var: {name}")
ValueError: Missing required env var: MYSQL_HOST
2026-02-23 11:03:29 ERROR app.lifespan database init failed
Traceback (most recent call last):
  File "D:\Users\ASUS\Desktop\AI predict1\PD-main\main.py", line 36, in lifespan
    create_tables()
  File "D:\Users\ASUS\Desktop\AI predict1\PD-main\database_setup.py", line 315, in create_tables
    create_database_if_not_exists()
  File "D:\Users\ASUS\Desktop\AI predict1\PD-main\database_setup.py", line 49, in create_database_if_not_exists
    config = get_mysql_config_without_db()
  File "D:\Users\ASUS\Desktop\AI predict1\PD-main\database_setup.py", line 38, in get_mysql_config_without_db
    "host": require_env("MYSQL_HOST"),
  File "D:\Users\ASUS\Desktop\AI predict1\PD-main\database_setup.py", line 34, in require_env
    raise ValueError(f"Missing required env var: {name}")
ValueError: Missing required env var: MYSQL_HOST
2026-02-23 11:03:29 INFO app.lifespan contract expire scheduler started
2026-02-23 11:03:29 INFO app.lifespan contract expire scheduler started
2026-02-23 15:24:34 ERROR app.lifespan database init failed
Traceback (most recent call last):
  File "D:\Users\ASUS\Desktop\AI predict1\PD-main\main.py", line 36, in lifespan
    create_tables()
  File "D:\Users\ASUS\Desktop\AI predict1\PD-main\database_setup.py", line 315, in create_tables
    create_database_if_not_exists()
  File "D:\Users\ASUS\Desktop\AI predict1\PD-main\database_setup.py", line 49, in create_database_if_not_exists
    config = get_mysql_config_without_db()
  File "D:\Users\ASUS\Desktop\AI predict1\PD-main\database_setup.py", line 38, in get_mysql_config_without_db
    "host": require_env("MYSQL_HOST"),
  File "D:\Users\ASUS\Desktop\AI predict1\PD-main\database_setup.py", line 34, in require_env
    raise ValueError(f"Missing required env var: {name}")
ValueError: Missing required env var: MYSQL_HOST
2026-02-23 15:24:34 INFO app.lifespan contract expire scheduler started
2026-02-23 15:29:40 ERROR app.lifespan database init failed
Traceback (most recent call last):
  File "D:\Users\ASUS\Desktop\AI predict1\PD-main\main.py", line 36, in lifespan
    create_tables()
  File "D:\Users\ASUS\Desktop\AI predict1\PD-main\database_setup.py", line 315, in create_tables
    create_database_if_not_exists()
  File "D:\Users\ASUS\Desktop\AI predict1\PD-main\database_setup.py", line 49, in create_database_if_not_exists
    config = get_mysql_config_without_db()
  File "D:\Users\ASUS\Desktop\AI predict1\PD-main\database_setup.py", line 38, in get_mysql_config_without_db
    "host": require_env("MYSQL_HOST"),
  File "D:\Users\ASUS\Desktop\AI predict1\PD-main\database_setup.py", line 34, in require_env
    raise ValueError(f"Missing required env var: {name}")
ValueError: Missing required env var: MYSQL_HOST
2026-02-23 15:29:40 ERROR app.lifespan database init failed
Traceback (most recent call last):
  File "D:\Users\ASUS\Desktop\AI predict1\PD-main\main.py", line 36, in lifespan
    create_tables()
  File "D:\Users\ASUS\Desktop\AI predict1\PD-main\database_setup.py", line 315, in create_tables
    create_database_if_not_exists()
  File "D:\Users\ASUS\Desktop\AI predict1\PD-main\database_setup.py", line 49, in create_database_if_not_exists
    config = get_mysql_config_without_db()
  File "D:\Users\ASUS\Desktop\AI predict1\PD-main\database_setup.py", line 38, in get_mysql_config_without_db
    "host": require_env("MYSQL_HOST"),
  File "D:\Users\ASUS\Desktop\AI predict1\PD-main\database_setup.py", line 34, in require_env
    raise ValueError(f"Missing required env var: {name}")
ValueError: Missing required env var: MYSQL_HOST
2026-02-23 15:29:40 INFO app.lifespan contract expire scheduler started
2026-02-23 15:29:40 INFO app.lifespan contract expire scheduler started
2026-02-24 00:10:00 ERROR app.services.contract_service 合同自动失效失败: Missing required env var: MYSQL_HOST
2026-02-24 00:10:00 ERROR app.services.contract_service 合同自动失效失败: Missing required env var: MYSQL_HOST
2026-03-08 14:33:07 ERROR app.lifespan database init failed
Traceback (most recent call last):
  File "D:\Users\ASUS\Desktop\AI predict1\PD-main\main.py", line 36, in lifespan
    create_tables()
  File "D:\Users\ASUS\Desktop\AI predict1\PD-main\database_setup.py", line 315, in create_tables
    create_database_if_not_exists()
  File "D:\Users\ASUS\Desktop\AI predict1\PD-main\database_setup.py", line 49, in create_database_if_not_exists
    config = get_mysql_config_without_db()
  File "D:\Users\ASUS\Desktop\AI predict1\PD-main\database_setup.py", line 38, in get_mysql_config_without_db
    "host": require_env("MYSQL_HOST"),
  File "D:\Users\ASUS\Desktop\AI predict1\PD-main\database_setup.py", line 34, in require_env
    raise ValueError(f"Missing required env var: {name}")
ValueError: Missing required env var: MYSQL_HOST
2026-03-08 14:33:07 ERROR app.lifespan database init failed
Traceback (most recent call last):
  File "D:\Users\ASUS\Desktop\AI predict1\PD-main\main.py", line 36, in lifespan
    create_tables()
  File "D:\Users\ASUS\Desktop\AI predict1\PD-main\database_setup.py", line 315, in create_tables
    create_database_if_not_exists()
  File "D:\Users\ASUS\Desktop\AI predict1\PD-main\database_setup.py", line 49, in create_database_if_not_exists
    config = get_mysql_config_without_db()
  File "D:\Users\ASUS\Desktop\AI predict1\PD-main\database_setup.py", line 38, in get_mysql_config_without_db
    "host": require_env("MYSQL_HOST"),
  File "D:\Users\ASUS\Desktop\AI predict1\PD-main\database_setup.py", line 34, in require_env
    raise ValueError(f"Missing required env var: {name}")
ValueError: Missing required env var: MYSQL_HOST
2026-03-08 14:33:07 INFO app.lifespan contract expire scheduler started
2026-03-08 14:33:07 INFO app.lifespan contract expire scheduler started
2026-03-09 16:05:05 ERROR app.lifespan database init failed
Traceback (most recent call last):
  File "D:\Users\ASUS\Desktop\AI predict1\PD-main\main.py", line 36, in lifespan
    create_tables()
  File "D:\Users\ASUS\Desktop\AI predict1\PD-main\database_setup.py", line 315, in create_tables
    create_database_if_not_exists()
  File "D:\Users\ASUS\Desktop\AI predict1\PD-main\database_setup.py", line 49, in create_database_if_not_exists
    config = get_mysql_config_without_db()
  File "D:\Users\ASUS\Desktop\AI predict1\PD-main\database_setup.py", line 38, in get_mysql_config_without_db
    "host": require_env("MYSQL_HOST"),
  File "D:\Users\ASUS\Desktop\AI predict1\PD-main\database_setup.py", line 34, in require_env
    raise ValueError(f"Missing required env var: {name}")
ValueError: Missing required env var: MYSQL_HOST
2026-03-09 16:05:05 ERROR app.lifespan database init failed
Traceback (most recent call last):
  File "D:\Users\ASUS\Desktop\AI predict1\PD-main\main.py", line 36, in lifespan
    create_tables()
  File "D:\Users\ASUS\Desktop\AI predict1\PD-main\database_setup.py", line 315, in create_tables
    create_database_if_not_exists()
  File "D:\Users\ASUS\Desktop\AI predict1\PD-main\database_setup.py", line 49, in create_database_if_not_exists
    config = get_mysql_config_without_db()
  File "D:\Users\ASUS\Desktop\AI predict1\PD-main\database_setup.py", line 38, in get_mysql_config_without_db
    "host": require_env("MYSQL_HOST"),
  File "D:\Users\ASUS\Desktop\AI predict1\PD-main\database_setup.py", line 34, in require_env
    raise ValueError(f"Missing required env var: {name}")
ValueError: Missing required env var: MYSQL_HOST
2026-03-09 16:05:05 INFO app.lifespan contract expire scheduler started
2026-03-09 16:05:05 INFO app.lifespan contract expire scheduler started
2026-03-10 16:03:11 ERROR app.lifespan database init failed
Traceback (most recent call last):
  File "D:\Users\ASUS\Desktop\AI predict1\PD-main\main.py", line 36, in lifespan
    create_tables()
  File "D:\Users\ASUS\Desktop\AI predict1\PD-main\database_setup.py", line 138, in create_tables
    create_database_if_not_exists()
  File "D:\Users\ASUS\Desktop\AI predict1\PD-main\database_setup.py", line 49, in create_database_if_not_exists
    config = get_mysql_config_without_db()
  File "D:\Users\ASUS\Desktop\AI predict1\PD-main\database_setup.py", line 38, in get_mysql_config_without_db
    "host": require_env("MYSQL_HOST"),
  File "D:\Users\ASUS\Desktop\AI predict1\PD-main\database_setup.py", line 34, in require_env
    raise ValueError(f"Missing required env var: {name}")
ValueError: Missing required env var: MYSQL_HOST
2026-03-10 16:03:11 ERROR app.lifespan database init failed
Traceback (most recent call last):
  File "D:\Users\ASUS\Desktop\AI predict1\PD-main\main.py", line 36, in lifespan
    create_tables()
  File "D:\Users\ASUS\Desktop\AI predict1\PD-main\database_setup.py", line 138, in create_tables
    create_database_if_not_exists()
  File "D:\Users\ASUS\Desktop\AI predict1\PD-main\database_setup.py", line 49, in create_database_if_not_exists
    config = get_mysql_config_without_db()
  File "D:\Users\ASUS\Desktop\AI predict1\PD-main\database_setup.py", line 38, in get_mysql_config_without_db
    "host": require_env("MYSQL_HOST"),
  File "D:\Users\ASUS\Desktop\AI predict1\PD-main\database_setup.py", line 34, in require_env
    raise ValueError(f"Missing required env var: {name}")
ValueError: Missing required env var: MYSQL_HOST
2026-03-10 16:03:12 INFO app.lifespan contract expire scheduler started
2026-03-10 16:03:12 INFO app.lifespan contract expire scheduler started
2026-03-10 16:04:00 ERROR app.lifespan database init failed
Traceback (most recent call last):
  File "D:\Users\ASUS\Desktop\AI predict1\PD-main\main.py", line 36, in lifespan
    create_tables()
  File "D:\Users\ASUS\Desktop\AI predict1\PD-main\database_setup.py", line 138, in create_tables
    create_database_if_not_exists()
  File "D:\Users\ASUS\Desktop\AI predict1\PD-main\database_setup.py", line 49, in create_database_if_not_exists
    config = get_mysql_config_without_db()
  File "D:\Users\ASUS\Desktop\AI predict1\PD-main\database_setup.py", line 38, in get_mysql_config_without_db
    "host": require_env("MYSQL_HOST"),
  File "D:\Users\ASUS\Desktop\AI predict1\PD-main\database_setup.py", line 34, in require_env
    raise ValueError(f"Missing required env var: {name}")
ValueError: Missing required env var: MYSQL_HOST
2026-03-10 16:04:00 ERROR app.lifespan database init failed
Traceback (most recent call last):
  File "D:\Users\ASUS\Desktop\AI predict1\PD-main\main.py", line 36, in lifespan
    create_tables()
  File "D:\Users\ASUS\Desktop\AI predict1\PD-main\database_setup.py", line 138, in create_tables
    create_database_if_not_exists()
  File "D:\Users\ASUS\Desktop\AI predict1\PD-main\database_setup.py", line 49, in create_database_if_not_exists
    config = get_mysql_config_without_db()
  File "D:\Users\ASUS\Desktop\AI predict1\PD-main\database_setup.py", line 38, in get_mysql_config_without_db
    "host": require_env("MYSQL_HOST"),
  File "D:\Users\ASUS\Desktop\AI predict1\PD-main\database_setup.py", line 34, in require_env
    raise ValueError(f"Missing required env var: {name}")
ValueError: Missing required env var: MYSQL_HOST
2026-03-10 16:04:00 INFO app.lifespan contract expire scheduler started
2026-03-10 16:04:00 INFO app.lifespan contract expire scheduler started
2026-03-10 16:17:07 ERROR app.lifespan database init failed
Traceback (most recent call last):
  File "D:\Users\ASUS\Desktop\AI predict1\PD-main\main.py", line 36, in lifespan
    create_tables()
  File "D:\Users\ASUS\Desktop\AI predict1\PD-main\database_setup.py", line 138, in create_tables
    create_database_if_not_exists()
  File "D:\Users\ASUS\Desktop\AI predict1\PD-main\database_setup.py", line 49, in create_database_if_not_exists
    config = get_mysql_config_without_db()
  File "D:\Users\ASUS\Desktop\AI predict1\PD-main\database_setup.py", line 38, in get_mysql_config_without_db
    "host": require_env("MYSQL_HOST"),
  File "D:\Users\ASUS\Desktop\AI predict1\PD-main\database_setup.py", line 34, in require_env
    raise ValueError(f"Missing required env var: {name}")
ValueError: Missing required env var: MYSQL_HOST
2026-03-10 16:17:07 ERROR app.lifespan database init failed
Traceback (most recent call last):
  File "D:\Users\ASUS\Desktop\AI predict1\PD-main\main.py", line 36, in lifespan
    create_tables()
  File "D:\Users\ASUS\Desktop\AI predict1\PD-main\database_setup.py", line 138, in create_tables
    create_database_if_not_exists()
  File "D:\Users\ASUS\Desktop\AI predict1\PD-main\database_setup.py", line 49, in create_database_if_not_exists
    config = get_mysql_config_without_db()
  File "D:\Users\ASUS\Desktop\AI predict1\PD-main\database_setup.py", line 38, in get_mysql_config_without_db
    "host": require_env("MYSQL_HOST"),
  File "D:\Users\ASUS\Desktop\AI predict1\PD-main\database_setup.py", line 34, in require_env
    raise ValueError(f"Missing required env var: {name}")
ValueError: Missing required env var: MYSQL_HOST
2026-03-10 16:17:07 INFO app.lifespan contract expire scheduler started
2026-03-10 16:17:07 INFO app.lifespan contract expire scheduler started
2026-03-13 21:41:55 INFO app.lifespan contract expire scheduler started
2026-03-13 21:41:55 INFO app.lifespan contract expire scheduler started
2026-03-13 21:55:30 INFO app.lifespan contract expire scheduler started
2026-03-13 21:55:30 INFO app.lifespan contract expire scheduler started
2026-03-14 10:51:23 INFO app.lifespan contract expire scheduler started
2026-03-14 14:54:21 INFO app.lifespan contract expire scheduler started
2026-03-14 14:54:26 INFO app request method=GET path=/docs status=200 duration_ms=0.41
2026-03-14 14:54:27 INFO app request method=GET path=/openapi.json status=200 duration_ms=466.09
2026-03-14 14:54:52 INFO app request method=GET path=/docs status=200 duration_ms=0.27
2026-03-14 14:54:53 INFO app request method=GET path=/openapi.json status=200 duration_ms=1.08
2026-03-14 14:56:01 INFO app request method=GET path=/docs status=200 duration_ms=0.26
2026-03-14 14:56:02 INFO app request method=GET path=/openapi.json status=200 duration_ms=1.05
2026-03-14 14:56:15 INFO app.services.weighbill_service 磅单OCR初始化成功
2026-03-14 14:56:15 INFO app request method=GET path=/api/v1/weighbills/ status=200 duration_ms=287.77
2026-03-14 14:56:16 INFO app request method=GET path=/api/v1/weighbills/ status=200 duration_ms=2.80
2026-03-14 14:56:17 INFO app.services.contract_service RapidOCR 初始化成功
2026-03-14 14:56:17 INFO app request method=GET path=/api/v1/contracts/ status=200 duration_ms=213.26
2026-03-14 14:56:18 INFO app request method=GET path=/api/v1/contracts/ status=200 duration_ms=2.81
2026-03-14 14:56:19 INFO app request method=GET path=/api/v1/weighbills/ status=200 duration_ms=2.03
2026-03-14 14:56:19 INFO app request method=GET path=/api/v1/weighbills/ status=200 duration_ms=2.68
2026-03-14 14:56:20 INFO app request method=GET path=/api/v1/contracts/ status=200 duration_ms=2.81
2026-03-14 14:56:21 INFO app request method=GET path=/api/v1/contracts/ status=200 duration_ms=2.16
2026-03-14 14:56:22 INFO app request method=GET path=/api/v1/weighbills/ status=200 duration_ms=2.13
2026-03-14 14:56:22 INFO app request method=GET path=/api/v1/weighbills/ status=200 duration_ms=2.70
2026-03-14 14:56:30 INFO app request method=GET path=/api/v1/contracts/ status=200 duration_ms=2.25
2026-03-14 14:56:31 INFO app request method=GET path=/api/v1/contracts/ status=200 duration_ms=2.85
2026-03-14 14:56:32 INFO app request method=GET path=/api/v1/weighbills/ status=200 duration_ms=2.13
2026-03-14 14:56:33 INFO app request method=GET path=/api/v1/weighbills/ status=200 duration_ms=2.09
2026-03-14 14:56:33 INFO app request method=GET path=/api/v1/contracts/ status=200 duration_ms=2.81
2026-03-14 14:56:34 INFO app request method=GET path=/api/v1/contracts/ status=200 duration_ms=2.78
2026-03-14 14:56:36 INFO app request method=GET path=/api/v1/weighbills/ status=200 duration_ms=2.01
2026-03-14 14:56:36 INFO app request method=GET path=/api/v1/weighbills/ status=200 duration_ms=2.18
2026-03-14 14:56:37 INFO app request method=GET path=/api/v1/contracts/ status=200 duration_ms=2.53
2026-03-14 14:56:39 INFO app request method=GET path=/api/v1/contracts/ status=200 duration_ms=2.58
2026-03-14 14:56:40 INFO app request method=GET path=/api/v1/weighbills/ status=200 duration_ms=2.60
2026-03-14 14:56:41 INFO app request method=GET path=/api/v1/weighbills/ status=200 duration_ms=2.11
2026-03-14 14:56:43 INFO app request method=GET path=/api/v1/contracts/ status=200 duration_ms=2.07
2026-03-14 14:56:44 INFO app request method=GET path=/api/v1/contracts/ status=200 duration_ms=2.89
2026-03-14 14:56:46 INFO app request method=GET path=/api/v1/weighbills/ status=200 duration_ms=2.16
2026-03-14 14:56:48 INFO app request method=GET path=/api/v1/weighbills/ status=200 duration_ms=2.75
2026-03-14 14:56:49 INFO app request method=GET path=/api/v1/contracts/ status=200 duration_ms=2.57
2026-03-14 14:56:49 INFO app request method=GET path=/api/v1/contracts/ status=200 duration_ms=2.01
2026-03-14 14:56:50 INFO app request method=GET path=/api/v1/weighbills/ status=200 duration_ms=2.53
2026-03-14 14:56:51 INFO app request method=GET path=/api/v1/weighbills/ status=200 duration_ms=2.59
2026-03-14 14:56:52 INFO app request method=GET path=/api/v1/contracts/ status=200 duration_ms=1.95
2026-03-14 14:56:53 INFO app request method=GET path=/api/v1/contracts/ status=200 duration_ms=2.60
2026-03-14 14:56:53 INFO app request method=GET path=/api/v1/weighbills/ status=200 duration_ms=1.98
2026-03-14 14:56:54 INFO app request method=GET path=/api/v1/weighbills/ status=200 duration_ms=2.58
2026-03-14 14:56:56 INFO app request method=GET path=/api/v1/contracts/ status=200 duration_ms=2.60
2026-03-14 14:56:57 INFO app request method=GET path=/api/v1/contracts/ status=200 duration_ms=2.61
2026-03-14 14:56:57 INFO app request method=GET path=/api/v1/weighbills/ status=200 duration_ms=2.03
2026-03-14 14:56:58 INFO app request method=GET path=/api/v1/weighbills/ status=200 duration_ms=3.81
2026-03-14 14:57:02 INFO app request method=GET path=/api/v1/contracts/ status=200 duration_ms=1.98
2026-03-14 14:57:03 INFO app request method=GET path=/api/v1/contracts/ status=200 duration_ms=2.03
2026-03-14 14:57:17 INFO app request method=GET path=/api/v1/contracts/ status=200 duration_ms=2.59
2026-03-14 14:58:21 INFO app request method=GET path=/api/v1/weighbills/ status=200 duration_ms=2.59
2026-03-14 14:58:25 INFO app request method=GET path=/api/v1/weighbills/ status=200 duration_ms=2.03
2026-03-14 14:58:25 INFO app request method=GET path=/api/v1/contracts/ status=200 duration_ms=2.10
2026-03-14 14:58:26 INFO app request method=GET path=/api/v1/contracts/ status=200 duration_ms=2.71
2026-03-14 14:59:42 INFO app request method=GET path=/healthz status=200 duration_ms=1.36
2026-03-14 14:59:42 INFO app request method=GET path=/api/v1/deliveries/ status=200 duration_ms=3.54
2026-03-14 14:59:43 INFO app request method=GET path=/api/v1/weighbills/ status=200 duration_ms=2.77
2026-03-14 14:59:44 INFO app request method=GET path=/api/v1/weighbills/ status=200 duration_ms=2.52
2026-03-14 15:09:11 INFO app request method=GET path=/api/v1/weighbills/ status=200 duration_ms=2.71
2026-03-14 15:09:12 INFO app request method=GET path=/api/v1/weighbills/ status=200 duration_ms=1.99
2026-03-14 15:09:14 INFO app request method=GET path=/api/v1/contracts/ status=200 duration_ms=2.05
2026-03-14 15:09:15 INFO app request method=GET path=/api/v1/contracts/ status=200 duration_ms=2.61
2026-03-14 16:35:54 INFO app request method=GET path=/docs status=200 duration_ms=5.55
2026-03-14 16:35:55 INFO app request method=GET path=/openapi.json status=200 duration_ms=2.85
2026-03-14 16:36:17 INFO app request method=POST path=/api/v1/auth/login status=200 duration_ms=16.00
2026-03-14 16:36:17 INFO app audit method=POST path=/api/v1/auth/login status=200 duration_ms=16.00
2026-03-14 16:39:23 INFO app request method=GET path=/ status=404 duration_ms=0.35
2026-03-14 17:47:04 INFO app request method=GET path=/api/v1/contracts/ status=200 duration_ms=13.18
2026-03-14 17:47:28 INFO app request method=GET path=/ status=404 duration_ms=0.34
2026-03-14 17:47:29 INFO app request method=GET path=/favicon.ico status=404 duration_ms=0.26
2026-03-14 17:47:31 INFO app request method=GET path=/docs status=200 duration_ms=0.21
2026-03-14 17:47:31 INFO app request method=GET path=/openapi.json status=200 duration_ms=1.93
2026-03-14 17:48:03 INFO app request method=GET path=/api/v1/contracts/ status=200 duration_ms=1.97
2026-03-14 17:49:04 INFO app request method=GET path=/ status=404 duration_ms=0.23
2026-03-14 17:49:58 INFO app request method=GET path=/api/v1/contracts/ status=200 duration_ms=2.50
2026-03-14 17:51:48 INFO app request method=GET path=/api/v1/contracts/ status=200 duration_ms=2.00
2026-03-14 17:55:03 INFO app request method=GET path=/ status=404 duration_ms=0.32
2026-03-14 17:55:03 INFO app request method=GET path=/ status=404 duration_ms=0.33
2026-03-14 17:55:03 INFO app request method=GET path=/favicon.ico status=404 duration_ms=0.25
2026-03-14 21:51:22 INFO app request method=GET path=/ status=404 duration_ms=0.34
2026-03-14 21:51:26 INFO app request method=GET path=/nmaplowercheck1773496286 status=404 duration_ms=0.43
2026-03-14 21:51:26 INFO app request method=GET path=/ status=404 duration_ms=0.75
2026-03-14 21:51:26 INFO app request method=POST path=/sdk status=404 duration_ms=4.00
2026-03-14 21:51:26 INFO app audit method=POST path=/sdk status=404 duration_ms=4.00
2026-03-14 21:51:26 INFO app request method=GET path=/HNAP1 status=404 duration_ms=0.44
2026-03-14 21:51:26 INFO app request method=GET path=/evox/about status=404 duration_ms=0.27
2026-03-14 21:51:36 INFO app request method=GET path=/ status=404 duration_ms=1.02
2026-03-14 21:51:36 INFO app request method=GET path=/ status=404 duration_ms=0.29
2026-03-15 08:12:10 INFO app request method=GET path=/ status=404 duration_ms=0.36
2026-03-15 08:12:48 INFO app request method=GET path=/ status=404 duration_ms=0.34
2026-03-15 08:17:42 INFO app request method=GET path=/ status=404 duration_ms=0.35
2026-03-15 08:19:23 INFO app request method=GET path=/ status=404 duration_ms=0.29
2026-03-15 09:52:36 INFO app request method=GET path=/robots.txt status=404 duration_ms=0.30
2026-03-15 09:52:47 INFO app request method=GET path=/ status=404 duration_ms=0.32
2026-03-15 11:20:46 INFO app request method=GET path=/metrics status=404 duration_ms=0.38
2026-03-15 14:56:53 INFO app request method=GET path=/docs status=200 duration_ms=0.19
2026-03-15 14:56:53 INFO app request method=GET path=/openapi.json status=200 duration_ms=1.81
2026-03-15 14:58:16 INFO app request method=GET path=/docs status=200 duration_ms=0.25
2026-03-15 14:58:16 INFO app request method=GET path=/openapi.json status=200 duration_ms=1.84
2026-03-15 14:59:20 INFO app request method=GET path=/docs status=200 duration_ms=0.24
2026-03-15 14:59:20 INFO app request method=GET path=/openapi.json status=200 duration_ms=1.82
2026-03-15 16:54:00 INFO app request method=GET path=/ status=404 duration_ms=0.24
2026-03-15 17:34:50 INFO app request method=GET path=/docs status=200 duration_ms=0.20
2026-03-15 17:34:51 INFO app request method=GET path=/openapi.json status=200 duration_ms=1.94
2026-03-15 18:50:55 INFO app request method=GET path=/ status=404 duration_ms=0.35
2026-03-16 06:41:40 INFO app request method=GET path=/ status=404 duration_ms=0.37
2026-03-16 06:41:58 INFO app request method=GET path=/ status=404 duration_ms=0.26
2026-03-16 14:13:03 INFO app request method=GET path=/docs status=200 duration_ms=0.19
2026-03-16 14:13:05 INFO app request method=GET path=/openapi.json status=200 duration_ms=1.05
2026-03-16 14:17:56 INFO app request method=GET path=/openapi.json status=200 duration_ms=1.91
2026-03-16 14:17:57 INFO app request method=GET path=/favicon.ico status=404 duration_ms=0.37
2026-03-16 14:18:02 INFO app request method=GET path=/openapi.json status=200 duration_ms=1.11
2026-03-16 14:18:03 INFO app request method=GET path=/openapi.json status=200 duration_ms=1.92
2026-03-16 14:19:46 INFO app request method=GET path=/docs status=200 duration_ms=0.19
2026-03-16 16:17:57 INFO app.lifespan contract expire scheduler started
